0 info it worked if it ends with ok
1 verbose cli [ '/Users/willin/.nvm/versions/node/v6.2.0/bin/node',
1 verbose cli   '/Users/willin/.nvm/versions/node/v6.2.0/bin/npm',
1 verbose cli   'publish' ]
2 info using npm@3.9.3
3 info using node@v6.2.0
4 verbose publish [ '.' ]
5 silly cache add args [ '.', null ]
6 verbose cache add spec .
7 silly cache add parsed spec Result {
7 silly cache add   raw: '.',
7 silly cache add   scope: null,
7 silly cache add   name: null,
7 silly cache add   rawSpec: '.',
7 silly cache add   spec: '/Users/willin/Documents/w2fs/gitbook-donate',
7 silly cache add   type: 'directory' }
8 verbose addLocalDirectory /Users/willin/.npm/gitbook-plugin-donate/0.0.1/package.tgz not in flight; packing
9 verbose correctMkdir /Users/willin/.npm correctMkdir not in flight; initializing
10 info lifecycle gitbook-plugin-donate@0.0.1~prepublish: gitbook-plugin-donate@0.0.1
11 silly lifecycle gitbook-plugin-donate@0.0.1~prepublish: no script for prepublish, continuing
12 verbose tar pack [ '/Users/willin/.npm/gitbook-plugin-donate/0.0.1/package.tgz',
12 verbose tar pack   '/Users/willin/Documents/w2fs/gitbook-donate' ]
13 verbose tarball /Users/willin/.npm/gitbook-plugin-donate/0.0.1/package.tgz
14 verbose folder /Users/willin/Documents/w2fs/gitbook-donate
15 verbose addLocalTarball adding from inside cache /Users/willin/.npm/gitbook-plugin-donate/0.0.1/package.tgz
16 verbose correctMkdir /Users/willin/.npm correctMkdir not in flight; initializing
17 silly cache afterAdd gitbook-plugin-donate@0.0.1
18 verbose afterAdd /Users/willin/.npm/gitbook-plugin-donate/0.0.1/package/package.json not in flight; writing
19 verbose correctMkdir /Users/willin/.npm correctMkdir not in flight; initializing
20 verbose afterAdd /Users/willin/.npm/gitbook-plugin-donate/0.0.1/package/package.json written
21 silly publish { name: 'gitbook-plugin-donate',
21 silly publish   version: '0.0.1',
21 silly publish   description: 'Gitbook 捐赠打赏按钮插件',
21 silly publish   main: 'index.js',
21 silly publish   scripts: { test: 'echo "Error: no test specified" && exit 1' },
21 silly publish   repository:
21 silly publish    { type: 'git',
21 silly publish      url: 'git+https://github.com/willin/gitbook-plugin-donate.git' },
21 silly publish   keywords: [ 'gitbook', 'plugin', 'donate', 'alipay', 'wechat' ],
21 silly publish   author: { name: 'Willin Wang' },
21 silly publish   license: 'MIT',
21 silly publish   bugs: { url: 'https://github.com/willin/gitbook-plugin-donate/issues' },
21 silly publish   homepage: 'https://github.com/willin/gitbook-plugin-donate#readme',
21 silly publish   readme: '# gitbook-plugin-donate\n',
21 silly publish   readmeFilename: 'README.md',
21 silly publish   gitHead: '6d3f7e4248cd375696d91e8539b52bc734c93026',
21 silly publish   _id: 'gitbook-plugin-donate@0.0.1',
21 silly publish   _shasum: 'c249a9a2c20039a20dd4641c1c3f4e92c7f8a4f6',
21 silly publish   _from: '.' }
22 verbose getPublishConfig undefined
23 silly mapToRegistry name gitbook-plugin-donate
24 silly mapToRegistry using default registry
25 silly mapToRegistry registry https://registry.npmjs.org/
26 silly mapToRegistry data Result {
26 silly mapToRegistry   raw: 'gitbook-plugin-donate',
26 silly mapToRegistry   scope: null,
26 silly mapToRegistry   name: 'gitbook-plugin-donate',
26 silly mapToRegistry   rawSpec: '',
26 silly mapToRegistry   spec: 'latest',
26 silly mapToRegistry   type: 'tag' }
27 silly mapToRegistry uri https://registry.npmjs.org/gitbook-plugin-donate
28 verbose publish registryBase https://registry.npmjs.org/
29 silly publish uploading /Users/willin/.npm/gitbook-plugin-donate/0.0.1/package.tgz
30 verbose request uri https://registry.npmjs.org/gitbook-plugin-donate
31 verbose request sending authorization for write operation
32 info attempt registry request try #1 at 23:29:00
33 verbose request using bearer token for auth
34 verbose request id 3cc647a2237caddd
35 http request PUT https://registry.npmjs.org/gitbook-plugin-donate
36 http 403 https://registry.npmjs.org/gitbook-plugin-donate
37 verbose headers { 'content-type': 'application/json',
37 verbose headers   'cache-control': 'max-age=300',
37 verbose headers   'content-length': '95',
37 verbose headers   'accept-ranges': 'bytes',
37 verbose headers   date: 'Thu, 02 Jun 2016 15:29:09 GMT',
37 verbose headers   via: '1.1 varnish',
37 verbose headers   connection: 'keep-alive',
37 verbose headers   'x-served-by': 'cache-lcy1123-LCY',
37 verbose headers   'x-cache': 'MISS',
37 verbose headers   'x-cache-hits': '0',
37 verbose headers   'x-timer': 'S1464881348.175170,VS0,VE985',
37 verbose headers   vary: 'Accept-Encoding' }
38 verbose request invalidating /Users/willin/.npm/registry.npmjs.org/gitbook-plugin-donate on PUT
39 error publish Failed PUT 403
40 verbose stack Error: "You cannot publish over the previously published version 0.0.1." : gitbook-plugin-donate
40 verbose stack     at makeError (/Users/willin/.nvm/versions/node/v6.2.0/lib/node_modules/npm/node_modules/npm-registry-client/lib/request.js:264:12)
40 verbose stack     at CachingRegistryClient.<anonymous> (/Users/willin/.nvm/versions/node/v6.2.0/lib/node_modules/npm/node_modules/npm-registry-client/lib/request.js:252:14)
40 verbose stack     at Request._callback (/Users/willin/.nvm/versions/node/v6.2.0/lib/node_modules/npm/node_modules/npm-registry-client/lib/request.js:172:14)
40 verbose stack     at Request.self.callback (/Users/willin/.nvm/versions/node/v6.2.0/lib/node_modules/npm/node_modules/request/request.js:200:22)
40 verbose stack     at emitTwo (events.js:106:13)
40 verbose stack     at Request.emit (events.js:191:7)
40 verbose stack     at Request.<anonymous> (/Users/willin/.nvm/versions/node/v6.2.0/lib/node_modules/npm/node_modules/request/request.js:1067:10)
40 verbose stack     at emitOne (events.js:101:20)
40 verbose stack     at Request.emit (events.js:188:7)
40 verbose stack     at IncomingMessage.<anonymous> (/Users/willin/.nvm/versions/node/v6.2.0/lib/node_modules/npm/node_modules/request/request.js:988:12)
41 verbose statusCode 403
42 verbose pkgid gitbook-plugin-donate
43 verbose cwd /Users/willin/Documents/w2fs/gitbook-donate
44 error Darwin 15.5.0
45 error argv "/Users/willin/.nvm/versions/node/v6.2.0/bin/node" "/Users/willin/.nvm/versions/node/v6.2.0/bin/npm" "publish"
46 error node v6.2.0
47 error npm  v3.9.3
48 error code E403
49 error "You cannot publish over the previously published version 0.0.1." : gitbook-plugin-donate
50 error If you need help, you may report this error at:
50 error     <https://github.com/npm/npm/issues>
51 verbose exit [ 1, true ]
